[2024-11-03 17:31:51,684 ] root - INFO - Entered the data ingestion method or component
[2024-11-03 17:31:52,629 ] google.auth._default - DEBUG - Checking geocode-345718-d1551db2f8c6.json for explicit credentials as part of auth process...
[2024-11-03 17:31:52,629 ] pydata_google_auth.auth - DEBUG - Error getting default credentials: File geocode-345718-d1551db2f8c6.json was not found.
[2024-11-03 17:31:52,638 ] google.auth.transport.requests - DEBUG - Making request: POST https://oauth2.googleapis.com/token
[2024-11-03 17:31:52,685 ] urllib3.connectionpool - DEBUG - Starting new HTTPS connection (1): oauth2.googleapis.com:443
[2024-11-03 17:32:38,290 ] urllib3.connectionpool - DEBUG - https://oauth2.googleapis.com:443 "POST /token HTTP/11" 200 None
[2024-11-03 17:32:38,295 ] pandas_gbq.query - DEBUG - Requesting query... 
[2024-11-03 17:32:38,296 ] google.cloud.bigquery.opentelemetry_tracing - DEBUG - This service is instrumented using OpenTelemetry. OpenTelemetry or one of its components could not be imported; please add compatible versions of opentelemetry-api and opentelemetry-instrumentation packages in order to get BigQuery Tracing data.
[2024-11-03 17:32:38,297 ] urllib3.util.retry - DEBUG - Converted retries value: 3 -> Retry(total=3, connect=None, read=None, redirect=None, status=None)
[2024-11-03 17:32:38,303 ] urllib3.connectionpool - DEBUG - Starting new HTTPS connection (1): bigquery.googleapis.com:443
[2024-11-03 17:32:54,895 ] urllib3.connectionpool - DEBUG - https://bigquery.googleapis.com:443 "POST /bigquery/v2/projects/geocode-345718/queries?prettyPrint=false HTTP/11" 200 None
[2024-11-03 17:32:59,996 ] urllib3.connectionpool - DEBUG - https://bigquery.googleapis.com:443 "GET /bigquery/v2/projects/geocode-345718/jobs/job_uWrGOCacbNgrf9iozLDCVHqLTKFd?projection=full&location=US&prettyPrint=false HTTP/11" 200 None
[2024-11-03 17:33:00,064 ] pandas_gbq.query - DEBUG - Query done.

[2024-11-03 17:33:00,562 ] urllib3.connectionpool - DEBUG - https://bigquery.googleapis.com:443 "GET /bigquery/v2/projects/geocode-345718/datasets/_c16a6afdb9763f79a2aaa849fb4a8d49b9adfe63/tables/anonacfeb8f5aaaa8cd2f4b045f5781e4f9301d1b71899d896cf5006c50ae00b6e45?prettyPrint=false HTTP/11" 200 None
[2024-11-03 17:33:02,524 ] urllib3.connectionpool - DEBUG - https://bigquery.googleapis.com:443 "GET /bigquery/v2/projects/geocode-345718/queries/job_uWrGOCacbNgrf9iozLDCVHqLTKFd?pageToken=BGKIPXXSSIAQAAASA4EAAEEAQCAAKGQKBD2Y6AIQ737777YHECYK4FKKTMBAU3AKDEFA4Z3FN5RW6ZDFFUZTINJXGE4BC3DBO2U7KAAAAAJCSX3DGE3GCNTBMZSGEOJXGYZWMNZZMEZGCYLBHA2DSZTCGRQTQZBUHFRDSYLEMZSTMMY2EQYGCNTCG4YTIMJNMY3TENBNGQ2WCYRNHA2WIMBNGQ2GGNBRGEZDSYRVGU4RERDBNZXW4YLDMZSWEODGGVQWCYLBHBRWIMTGGRRDANBVMY2TOOBRMU2GMOJTGAYWIMLCG4YTQOJZMQ4DSNTDMY2TAMBWMM2TAYLFGAYGENTFGQ2RUZLBMNTGKYRYMY2WCYLBME4GGZBSMY2GEMBUGVTDKNZYGFSTIZRZGMYDCZBRMI3TCOBZHFSDQOJWMNTDKMBQGZRTKMDBMUYDAYRWMU2DKIZSHA4DAZBYGVRS2NTBGM2S2NBWGJSC2YRTMJSC2ZTCME3DQYRXG5RGENBQ&fields=jobReference%2CtotalRows%2CpageToken%2Crows&location=US&formatOptions.useInt64Timestamp=True&prettyPrint=false HTTP/11" 200 None
[2024-11-03 17:33:03,859 ] pandas_gbq.gbq - DEBUG - Got 25461 rows.

[2024-11-03 17:33:03,859 ] pandas_gbq.gbq - INFO - Total time taken 25.56 s.
Finished at 2024-11-03 17:33:03.
[2024-11-03 17:33:03,859 ] root - INFO - Fetched the dataset from BigQuery as dataframe
[2024-11-03 17:33:04,482 ] root - INFO - Saved the full dataset to feature_store/real_estate.csv
[2024-11-03 17:33:04,482 ] root - INFO - Train test split initiated
[2024-11-03 17:33:05,073 ] root - INFO - Ingestion of the data is completed
[2024-11-03 17:33:05,549 ] root - INFO - Split training and test input data
[2024-11-03 17:33:05,582 ] root - INFO - Training Random Forest
[2024-11-03 17:33:08,154 ] root - INFO - Top 8 features for Random Forest: ['feature_1', 'feature_7', 'feature_3', 'feature_9', 'feature_8', 'feature_5', 'feature_0', 'feature_4']
[2024-11-03 17:33:08,154 ] root - INFO - Training Decision Tree
[2024-11-03 17:33:08,192 ] root - INFO - Top 8 features for Decision Tree: ['feature_1', 'feature_9', 'feature_3', 'feature_7', 'feature_5', 'feature_8', 'feature_0', 'feature_2']
[2024-11-03 17:33:08,192 ] root - INFO - Training Gradient Boosting
[2024-11-03 17:33:09,045 ] root - INFO - Top 8 features for Gradient Boosting: ['feature_7', 'feature_1', 'feature_3', 'feature_9', 'feature_5', 'feature_8', 'feature_2', 'feature_0']
[2024-11-03 17:33:09,045 ] root - INFO - Training Linear Regression
[2024-11-03 17:33:09,518 ] root - WARNING - Linear Regression does not support feature importances.
[2024-11-03 17:33:09,518 ] root - INFO - Training XGBRegressor
[2024-11-03 17:33:10,054 ] root - INFO - Top 8 features for XGBRegressor: ['feature_9', 'feature_1', 'feature_7', 'feature_5', 'feature_3', 'feature_8', 'feature_4', 'feature_0']
[2024-11-03 17:33:10,054 ] root - INFO - Training CatBoosting Regressor
[2024-11-03 17:33:15,248 ] root - INFO - Top 8 features for CatBoosting Regressor: ['feature_1', 'feature_3', 'feature_7', 'feature_8', 'feature_9', 'feature_5', 'feature_2', 'feature_0']
[2024-11-03 17:33:15,248 ] root - INFO - Training AdaBoost Regressor
[2024-11-03 17:33:15,493 ] root - INFO - Top 8 features for AdaBoost Regressor: ['feature_3', 'feature_9', 'feature_5', 'feature_8', 'feature_7', 'feature_1', 'feature_0', 'feature_4']
