[2024-11-03 18:19:48,435 ] root - INFO - Entered the data ingestion method or component
[2024-11-03 18:19:48,525 ] google.auth._default - DEBUG - Checking geocode-345718-d1551db2f8c6.json for explicit credentials as part of auth process...
[2024-11-03 18:19:48,525 ] pydata_google_auth.auth - DEBUG - Error getting default credentials: File geocode-345718-d1551db2f8c6.json was not found.
[2024-11-03 18:19:48,526 ] google.auth.transport.requests - DEBUG - Making request: POST https://oauth2.googleapis.com/token
[2024-11-03 18:19:48,530 ] urllib3.connectionpool - DEBUG - Starting new HTTPS connection (1): oauth2.googleapis.com:443
[2024-11-03 18:19:49,051 ] urllib3.connectionpool - DEBUG - https://oauth2.googleapis.com:443 "POST /token HTTP/11" 200 None
[2024-11-03 18:19:49,054 ] pandas_gbq.query - DEBUG - Requesting query... 
[2024-11-03 18:19:49,054 ] google.cloud.bigquery.opentelemetry_tracing - DEBUG - This service is instrumented using OpenTelemetry. OpenTelemetry or one of its components could not be imported; please add compatible versions of opentelemetry-api and opentelemetry-instrumentation packages in order to get BigQuery Tracing data.
[2024-11-03 18:19:49,055 ] urllib3.util.retry - DEBUG - Converted retries value: 3 -> Retry(total=3, connect=None, read=None, redirect=None, status=None)
[2024-11-03 18:19:49,058 ] urllib3.connectionpool - DEBUG - Starting new HTTPS connection (1): bigquery.googleapis.com:443
[2024-11-03 18:19:52,434 ] urllib3.connectionpool - DEBUG - https://bigquery.googleapis.com:443 "POST /bigquery/v2/projects/geocode-345718/queries?prettyPrint=false HTTP/11" 200 None
[2024-11-03 18:19:57,434 ] urllib3.connectionpool - DEBUG - https://bigquery.googleapis.com:443 "GET /bigquery/v2/projects/geocode-345718/jobs/job_b2MT2_DJhk8O0yExujoLXHvxNKgP?projection=full&location=US&prettyPrint=false HTTP/11" 200 None
[2024-11-03 18:19:57,485 ] pandas_gbq.query - DEBUG - Query done.

[2024-11-03 18:19:57,902 ] urllib3.connectionpool - DEBUG - https://bigquery.googleapis.com:443 "GET /bigquery/v2/projects/geocode-345718/datasets/_c16a6afdb9763f79a2aaa849fb4a8d49b9adfe63/tables/anonacfeb8f5aaaa8cd2f4b045f5781e4f9301d1b71899d896cf5006c50ae00b6e45?prettyPrint=false HTTP/11" 200 None
[2024-11-03 18:19:59,873 ] urllib3.connectionpool - DEBUG - https://bigquery.googleapis.com:443 "GET /bigquery/v2/projects/geocode-345718/queries/job_b2MT2_DJhk8O0yExujoLXHvxNKgP?pageToken=BH3IICPTSIAQAAASA4EAAEEAQCAAKGQKBD2Y6AIQ737777YHECYK4FKKTMBAU3AKDEFA4Z3FN5RW6ZDFFUZTINJXGE4BC3DBO2U7KAAAAAJCSX3DGE3GCNTBMZSGEOJXGYZWMNZZMEZGCYLBHA2DSZTCGRQTQZBUHFRDSYLEMZSTMMY2EQYGCNTCG4YTIMJNMY3TENBNGQ2WCYRNHA2WIMBNGQ2GGNBRGEZDSYRVGU4RERDBNZXW4YLDMZSWEODGGVQWCYLBHBRWIMTGGRRDANBVMY2TOOBRMU2GMOJTGAYWIMLCG4YTQOJZMQ4DSNTDMY2TAMBWMM2TAYLFGAYGENTFGQ2RUZLBMNTGKYRYMY2WCYLBME4GGZBSMY2GEMBUGVTDKNZYGFSTIZRZGMYDCZBRMI3TCOBZHFSDQOJWMNTDKMBQGZRTKMDBMUYDAYRWMU2DKIZSHA4DAZBYGVRS2NTBGM2S2NBWGJSC2YRTMJSC2ZTCME3DQYRXG5RGENBQ&fields=jobReference%2CtotalRows%2CpageToken%2Crows&location=US&formatOptions.useInt64Timestamp=True&prettyPrint=false HTTP/11" 200 None
[2024-11-03 18:20:01,227 ] pandas_gbq.gbq - DEBUG - Got 25461 rows.

[2024-11-03 18:20:01,228 ] pandas_gbq.gbq - INFO - Total time taken 12.17 s.
Finished at 2024-11-03 18:20:01.
[2024-11-03 18:20:01,228 ] root - INFO - Fetched the dataset from BigQuery as dataframe
[2024-11-03 18:20:01,761 ] root - INFO - Saved the full dataset to feature_store/real_estate.csv
[2024-11-03 18:20:01,762 ] root - INFO - Train test split initiated
[2024-11-03 18:20:02,314 ] root - INFO - Ingestion of the data is completed
[2024-11-03 18:20:02,596 ] root - INFO - Split training and test input data
[2024-11-03 18:20:02,597 ] root - INFO - Training Random Forest
[2024-11-03 18:20:05,245 ] root - INFO - Top 8 features for Random Forest: ['feature_1', 'feature_7', 'feature_3', 'feature_9', 'feature_8', 'feature_5', 'feature_0', 'feature_4']
[2024-11-03 18:20:05,246 ] root - INFO - Training Decision Tree
[2024-11-03 18:20:05,288 ] root - INFO - Top 8 features for Decision Tree: ['feature_1', 'feature_9', 'feature_7', 'feature_3', 'feature_8', 'feature_5', 'feature_0', 'feature_2']
[2024-11-03 18:20:05,288 ] root - INFO - Training Gradient Boosting
[2024-11-03 18:20:06,062 ] root - INFO - Top 8 features for Gradient Boosting: ['feature_7', 'feature_1', 'feature_3', 'feature_9', 'feature_5', 'feature_8', 'feature_2', 'feature_0']
[2024-11-03 18:20:06,063 ] root - INFO - Training Linear Regression
[2024-11-03 18:20:06,065 ] root - WARNING - Linear Regression does not support feature importances.
[2024-11-03 18:20:06,065 ] root - INFO - Training XGBRegressor
[2024-11-03 18:20:06,253 ] root - INFO - Top 8 features for XGBRegressor: ['feature_9', 'feature_1', 'feature_7', 'feature_5', 'feature_3', 'feature_8', 'feature_4', 'feature_0']
[2024-11-03 18:20:06,253 ] root - INFO - Training CatBoosting Regressor
[2024-11-03 18:20:09,895 ] root - INFO - Top 8 features for CatBoosting Regressor: ['feature_1', 'feature_3', 'feature_7', 'feature_8', 'feature_9', 'feature_5', 'feature_2', 'feature_0']
[2024-11-03 18:20:09,895 ] root - INFO - Training AdaBoost Regressor
[2024-11-03 18:20:10,129 ] root - INFO - Top 8 features for AdaBoost Regressor: ['feature_5', 'feature_9', 'feature_3', 'feature_8', 'feature_7', 'feature_0', 'feature_1', 'feature_4']
[2024-11-03 18:20:10,130 ] root - INFO - Evaluating model: Random Forest
[2024-11-03 18:20:10,130 ] root - WARNING - No parameters provided for Random Forest. Using default model.
[2024-11-03 18:20:12,489 ] root - INFO - Random Forest - Train R2: 0.9868274660335326, Test R2: 0.8985491618521924
[2024-11-03 18:20:12,489 ] root - INFO - Evaluating model: Decision Tree
[2024-11-03 18:20:12,489 ] root - WARNING - No parameters provided for Decision Tree. Using default model.
[2024-11-03 18:20:12,528 ] root - INFO - Decision Tree - Train R2: 0.9999804826794693, Test R2: 0.8673826747035371
[2024-11-03 18:20:12,528 ] root - INFO - Evaluating model: Gradient Boosting
[2024-11-03 18:20:12,529 ] root - WARNING - No parameters provided for Gradient Boosting. Using default model.
[2024-11-03 18:20:13,364 ] root - INFO - Gradient Boosting - Train R2: 0.819575381006346, Test R2: 0.7689994840969998
[2024-11-03 18:20:13,365 ] root - INFO - Evaluating model: Linear Regression
[2024-11-03 18:20:13,365 ] root - WARNING - No parameters provided for Linear Regression. Using default model.
[2024-11-03 18:20:13,369 ] root - INFO - Linear Regression - Train R2: 0.34920739317988925, Test R2: 0.45103950803761694
[2024-11-03 18:20:13,369 ] root - INFO - Evaluating model: XGBRegressor
[2024-11-03 18:20:13,369 ] root - WARNING - No parameters provided for XGBRegressor. Using default model.
[2024-11-03 18:20:13,569 ] root - INFO - XGBRegressor - Train R2: 0.9921156598366457, Test R2: 0.9047028821527661
[2024-11-03 18:20:13,569 ] root - INFO - Evaluating model: CatBoosting Regressor
[2024-11-03 18:20:13,570 ] root - WARNING - No parameters provided for CatBoosting Regressor. Using default model.
[2024-11-03 18:20:17,980 ] root - INFO - CatBoosting Regressor - Train R2: 0.9683545674735481, Test R2: 0.8967083238957241
[2024-11-03 18:20:17,980 ] root - INFO - Evaluating model: AdaBoost Regressor
[2024-11-03 18:20:17,980 ] root - WARNING - No parameters provided for AdaBoost Regressor. Using default model.
[2024-11-03 18:20:18,184 ] root - INFO - AdaBoost Regressor - Train R2: 0.4678120368530535, Test R2: 0.2391510051117558
[2024-11-03 18:20:18,184 ] root - INFO - Best found model using top features: XGBRegressor
[2024-11-03 18:20:18,184 ] root - INFO - Entered the save_object method of utils
[2024-11-03 18:20:18,210 ] root - INFO - Exited the save_object method of utils
[2024-11-03 18:20:18,225 ] root - INFO - Pipeline execution completed successfully
