[2024-11-03 19:09:09,573 ] root - INFO - Entered the data ingestion method or component
[2024-11-03 19:09:09,668 ] google.auth._default - DEBUG - Checking geocode-345718-d1551db2f8c6.json for explicit credentials as part of auth process...
[2024-11-03 19:09:09,670 ] pydata_google_auth.auth - DEBUG - Error getting default credentials: File geocode-345718-d1551db2f8c6.json was not found.
[2024-11-03 19:09:09,671 ] google.auth.transport.requests - DEBUG - Making request: POST https://oauth2.googleapis.com/token
[2024-11-03 19:09:09,674 ] urllib3.connectionpool - DEBUG - Starting new HTTPS connection (1): oauth2.googleapis.com:443
[2024-11-03 19:09:17,377 ] urllib3.connectionpool - DEBUG - https://oauth2.googleapis.com:443 "POST /token HTTP/11" 200 None
[2024-11-03 19:09:17,381 ] pandas_gbq.query - DEBUG - Requesting query... 
[2024-11-03 19:09:17,382 ] google.cloud.bigquery.opentelemetry_tracing - DEBUG - This service is instrumented using OpenTelemetry. OpenTelemetry or one of its components could not be imported; please add compatible versions of opentelemetry-api and opentelemetry-instrumentation packages in order to get BigQuery Tracing data.
[2024-11-03 19:09:17,383 ] urllib3.util.retry - DEBUG - Converted retries value: 3 -> Retry(total=3, connect=None, read=None, redirect=None, status=None)
[2024-11-03 19:09:17,389 ] urllib3.connectionpool - DEBUG - Starting new HTTPS connection (1): bigquery.googleapis.com:443
[2024-11-03 19:09:35,467 ] urllib3.connectionpool - DEBUG - https://bigquery.googleapis.com:443 "POST /bigquery/v2/projects/geocode-345718/queries?prettyPrint=false HTTP/11" 200 None
[2024-11-03 19:09:40,936 ] urllib3.connectionpool - DEBUG - https://bigquery.googleapis.com:443 "GET /bigquery/v2/projects/geocode-345718/jobs/job_CBH_jyVny6x_j9am7NUbHVDiG4zQ?projection=full&location=US&prettyPrint=false HTTP/11" 200 None
[2024-11-03 19:09:41,005 ] pandas_gbq.query - DEBUG - Query done.

[2024-11-03 19:09:41,426 ] urllib3.connectionpool - DEBUG - https://bigquery.googleapis.com:443 "GET /bigquery/v2/projects/geocode-345718/datasets/_c16a6afdb9763f79a2aaa849fb4a8d49b9adfe63/tables/anonacfeb8f5aaaa8cd2f4b045f5781e4f9301d1b71899d896cf5006c50ae00b6e45?prettyPrint=false HTTP/11" 200 None
[2024-11-03 19:09:43,219 ] urllib3.connectionpool - DEBUG - https://bigquery.googleapis.com:443 "GET /bigquery/v2/projects/geocode-345718/queries/job_CBH_jyVny6x_j9am7NUbHVDiG4zQ?pageToken=BGNQUN7TSIAQAAASA4EAAEEAQCAAKGQKBD2Y6AIQ737777YHECYK4FKKTMBAU3AKDEFA4Z3FN5RW6ZDFFUZTINJXGE4BC3DBO2U7KAAAAAJCSX3DGE3GCNTBMZSGEOJXGYZWMNZZMEZGCYLBHA2DSZTCGRQTQZBUHFRDSYLEMZSTMMY2EQYGCNTCG4YTIMJNMY3TENBNGQ2WCYRNHA2WIMBNGQ2GGNBRGEZDSYRVGU4RERDBNZXW4YLDMZSWEODGGVQWCYLBHBRWIMTGGRRDANBVMY2TOOBRMU2GMOJTGAYWIMLCG4YTQOJZMQ4DSNTDMY2TAMBWMM2TAYLFGAYGENTFGQ2RUZLBMNTGKYRYMY2WCYLBME4GGZBSMY2GEMBUGVTDKNZYGFSTIZRZGMYDCZBRMI3TCOBZHFSDQOJWMNTDKMBQGZRTKMDBMUYDAYRWMU2DKIZSHA4DAZBYGVRS2NTBGM2S2NBWGJSC2YRTMJSC2ZTCME3DQYRXG5RGENBQ&fields=jobReference%2CtotalRows%2CpageToken%2Crows&location=US&formatOptions.useInt64Timestamp=True&prettyPrint=false HTTP/11" 200 None
[2024-11-03 19:09:44,422 ] pandas_gbq.gbq - DEBUG - Got 25461 rows.

[2024-11-03 19:09:44,422 ] pandas_gbq.gbq - INFO - Total time taken 27.04 s.
Finished at 2024-11-03 19:09:44.
[2024-11-03 19:09:44,422 ] root - INFO - Fetched the dataset from BigQuery as dataframe
[2024-11-03 19:09:44,961 ] root - INFO - Saved the full dataset to feature_store/real_estate.csv
[2024-11-03 19:09:44,961 ] root - INFO - Train test split initiated
[2024-11-03 19:09:45,503 ] root - INFO - Ingestion of the data is completed
[2024-11-03 19:09:45,663 ] root - INFO - Columns after filtering and cleaning: ['days_on_zillow', 'zestimate', 'rent_zestimate', 'area', 'beds', 'baths', 'price_change', 'tax_assessed_value', 'lot_area_value', 'home_type', 'price']
[2024-11-03 19:09:45,677 ] root - INFO - Final input features: ['days_on_zillow', 'zestimate', 'rent_zestimate', 'area', 'beds', 'baths', 'price_change', 'tax_assessed_value', 'lot_area_value', 'home_type']
[2024-11-03 19:09:45,797 ] root - INFO - Split training and test input data
[2024-11-03 19:09:45,798 ] root - INFO - Training Random Forest
[2024-11-03 19:09:48,431 ] root - INFO - Top 8 features for Random Forest: ['feature_1', 'feature_7', 'feature_3', 'feature_9', 'feature_8', 'feature_5', 'feature_0', 'feature_4']
[2024-11-03 19:09:48,432 ] root - INFO - Training Decision Tree
[2024-11-03 19:09:48,473 ] root - INFO - Top 8 features for Decision Tree: ['feature_1', 'feature_3', 'feature_9', 'feature_7', 'feature_5', 'feature_8', 'feature_0', 'feature_2']
[2024-11-03 19:09:48,473 ] root - INFO - Training Gradient Boosting
[2024-11-03 19:09:49,248 ] root - INFO - Top 8 features for Gradient Boosting: ['feature_7', 'feature_1', 'feature_3', 'feature_9', 'feature_5', 'feature_8', 'feature_2', 'feature_0']
[2024-11-03 19:09:49,248 ] root - INFO - Training Linear Regression
[2024-11-03 19:09:49,251 ] root - WARNING - Linear Regression does not support feature importances.
[2024-11-03 19:09:49,251 ] root - INFO - Training XGBRegressor
[2024-11-03 19:09:49,422 ] root - INFO - Top 8 features for XGBRegressor: ['feature_9', 'feature_1', 'feature_7', 'feature_5', 'feature_3', 'feature_8', 'feature_4', 'feature_0']
[2024-11-03 19:09:49,423 ] root - INFO - Training CatBoosting Regressor
[2024-11-03 19:09:52,710 ] root - INFO - Top 8 features for CatBoosting Regressor: ['feature_1', 'feature_3', 'feature_7', 'feature_8', 'feature_9', 'feature_5', 'feature_2', 'feature_0']
[2024-11-03 19:09:52,710 ] root - INFO - Training AdaBoost Regressor
[2024-11-03 19:09:53,031 ] root - INFO - Top 8 features for AdaBoost Regressor: ['feature_3', 'feature_9', 'feature_5', 'feature_8', 'feature_7', 'feature_0', 'feature_1', 'feature_4']
[2024-11-03 19:09:53,032 ] root - INFO - Evaluating model: Random Forest
[2024-11-03 19:09:53,032 ] root - WARNING - No parameters provided for Random Forest. Using default model.
[2024-11-03 19:09:55,473 ] root - INFO - Random Forest - Train R2: 0.9867910591994119, Test R2: 0.9045998961184765
[2024-11-03 19:09:55,473 ] root - INFO - Evaluating model: Decision Tree
[2024-11-03 19:09:55,473 ] root - WARNING - No parameters provided for Decision Tree. Using default model.
[2024-11-03 19:09:55,511 ] root - INFO - Decision Tree - Train R2: 0.9999804826794693, Test R2: 0.8669406658142687
[2024-11-03 19:09:55,511 ] root - INFO - Evaluating model: Gradient Boosting
[2024-11-03 19:09:55,511 ] root - WARNING - No parameters provided for Gradient Boosting. Using default model.
[2024-11-03 19:09:56,273 ] root - INFO - Gradient Boosting - Train R2: 0.819575381006346, Test R2: 0.7690613242949309
[2024-11-03 19:09:56,273 ] root - INFO - Evaluating model: Linear Regression
[2024-11-03 19:09:56,273 ] root - WARNING - No parameters provided for Linear Regression. Using default model.
[2024-11-03 19:09:56,278 ] root - INFO - Linear Regression - Train R2: 0.34920739317988925, Test R2: 0.45103950803761694
[2024-11-03 19:09:56,278 ] root - INFO - Evaluating model: XGBRegressor
[2024-11-03 19:09:56,278 ] root - WARNING - No parameters provided for XGBRegressor. Using default model.
[2024-11-03 19:09:56,429 ] root - INFO - XGBRegressor - Train R2: 0.9921156598366457, Test R2: 0.9047028821527661
[2024-11-03 19:09:56,429 ] root - INFO - Evaluating model: CatBoosting Regressor
[2024-11-03 19:09:56,429 ] root - WARNING - No parameters provided for CatBoosting Regressor. Using default model.
[2024-11-03 19:09:59,491 ] root - INFO - CatBoosting Regressor - Train R2: 0.9683545674735481, Test R2: 0.8967083238957241
[2024-11-03 19:09:59,491 ] root - INFO - Evaluating model: AdaBoost Regressor
[2024-11-03 19:09:59,491 ] root - WARNING - No parameters provided for AdaBoost Regressor. Using default model.
[2024-11-03 19:09:59,782 ] root - INFO - AdaBoost Regressor - Train R2: 0.549914731535937, Test R2: 0.34036845182220876
[2024-11-03 19:09:59,782 ] root - INFO - Best found model using top features: XGBRegressor
[2024-11-03 19:09:59,782 ] root - INFO - Entered the save_object method of utils
[2024-11-03 19:09:59,788 ] root - INFO - Exited the save_object method of utils
[2024-11-03 19:09:59,803 ] root - INFO - Pipeline execution completed successfully
