[2024-11-04 10:20:34,012 ] root - INFO - Entered the data ingestion method or component
[2024-11-04 10:20:34,664 ] google.auth._default - DEBUG - Checking geocode-345718-d1551db2f8c6.json for explicit credentials as part of auth process...
[2024-11-04 10:20:34,665 ] pydata_google_auth.auth - DEBUG - Error getting default credentials: File geocode-345718-d1551db2f8c6.json was not found.
[2024-11-04 10:20:34,665 ] google.auth.transport.requests - DEBUG - Making request: POST https://oauth2.googleapis.com/token
[2024-11-04 10:20:34,686 ] urllib3.connectionpool - DEBUG - Starting new HTTPS connection (1): oauth2.googleapis.com:443
[2024-11-04 10:20:35,370 ] urllib3.connectionpool - DEBUG - https://oauth2.googleapis.com:443 "POST /token HTTP/11" 200 None
[2024-11-04 10:20:35,423 ] pandas_gbq.query - DEBUG - Requesting query... 
[2024-11-04 10:20:35,424 ] google.cloud.bigquery.opentelemetry_tracing - DEBUG - This service is instrumented using OpenTelemetry. OpenTelemetry or one of its components could not be imported; please add compatible versions of opentelemetry-api and opentelemetry-instrumentation packages in order to get BigQuery Tracing data.
[2024-11-04 10:20:35,425 ] urllib3.util.retry - DEBUG - Converted retries value: 3 -> Retry(total=3, connect=None, read=None, redirect=None, status=None)
[2024-11-04 10:20:35,430 ] urllib3.connectionpool - DEBUG - Starting new HTTPS connection (1): bigquery.googleapis.com:443
[2024-11-04 10:20:40,159 ] urllib3.connectionpool - DEBUG - https://bigquery.googleapis.com:443 "POST /bigquery/v2/projects/geocode-345718/queries?prettyPrint=false HTTP/11" 200 None
[2024-11-04 10:20:45,671 ] urllib3.connectionpool - DEBUG - https://bigquery.googleapis.com:443 "GET /bigquery/v2/projects/geocode-345718/jobs/job_WvDAIwa_EuOBq9RVxBERcDq-wkY4?projection=full&location=US&prettyPrint=false HTTP/11" 200 None
[2024-11-04 10:20:45,734 ] pandas_gbq.query - DEBUG - Query done.

[2024-11-04 10:20:46,115 ] urllib3.connectionpool - DEBUG - https://bigquery.googleapis.com:443 "GET /bigquery/v2/projects/geocode-345718/datasets/_c16a6afdb9763f79a2aaa849fb4a8d49b9adfe63/tables/anonacfeb8f5aaaa8cd2f4b045f5781e4f9301d1b71899d896cf5006c50ae00b6e45?prettyPrint=false HTTP/11" 200 None
[2024-11-04 10:20:48,458 ] urllib3.connectionpool - DEBUG - https://bigquery.googleapis.com:443 "GET /bigquery/v2/projects/geocode-345718/queries/job_WvDAIwa_EuOBq9RVxBERcDq-wkY4?pageToken=BFXSQ6PWSIAQAAASA4EAAEEAQCAAKGQKBD2Y6AIQ737777YHECYK4FKKTMBAU3AKDEFA4Z3FN5RW6ZDFFUZTINJXGE4BC3DBO2U7KAAAAAJCSX3DGE3GCNTBMZSGEOJXGYZWMNZZMEZGCYLBHA2DSZTCGRQTQZBUHFRDSYLEMZSTMMY2EQYGCNTCG4YTIMJNMY3TENBNGQ2WCYRNHA2WIMBNGQ2GGNBRGEZDSYRVGU4RERDBNZXW4YLDMZSWEODGGVQWCYLBHBRWIMTGGRRDANBVMY2TOOBRMU2GMOJTGAYWIMLCG4YTQOJZMQ4DSNTDMY2TAMBWMM2TAYLFGAYGENTFGQ2RUZLBMNTGKYRYMY2WCYLBME4GGZBSMY2GEMBUGVTDKNZYGFSTIZRZGMYDCZBRMI3TCOBZHFSDQOJWMNTDKMBQGZRTKMDBMUYDAYRWMU2DKIZSHA4DAZBYGVRS2NTBGM2S2NBWGJSC2YRTMJSC2ZTCME3DQYRXG5RGENBQ&fields=jobReference%2CtotalRows%2CpageToken%2Crows&location=US&formatOptions.useInt64Timestamp=True&prettyPrint=false HTTP/11" 200 None
[2024-11-04 10:20:50,142 ] pandas_gbq.gbq - DEBUG - Got 25461 rows.

[2024-11-04 10:20:50,142 ] pandas_gbq.gbq - INFO - Total time taken 14.72 s.
Finished at 2024-11-04 10:20:50.
[2024-11-04 10:20:50,142 ] root - INFO - Fetched the dataset from BigQuery as dataframe
[2024-11-04 10:20:50,826 ] root - INFO - Saved the full dataset to feature_store/real_estate.csv
[2024-11-04 10:20:50,827 ] root - INFO - Train test split initiated
[2024-11-04 10:20:51,535 ] root - INFO - Ingestion of the data is completed
[2024-11-04 10:20:51,926 ] root - INFO - Columns after filtering and cleaning: ['days_on_zillow', 'zestimate', 'rent_zestimate', 'area', 'beds', 'baths', 'price_change', 'tax_assessed_value', 'lot_area_value', 'home_type', 'price']
[2024-11-04 10:20:51,943 ] root - INFO - Final input features: ['days_on_zillow', 'zestimate', 'rent_zestimate', 'area', 'beds', 'baths', 'price_change', 'tax_assessed_value', 'lot_area_value', 'home_type']
[2024-11-04 10:20:52,103 ] root - INFO - Split training and test input data
[2024-11-04 10:20:52,139 ] root - INFO - Training Random Forest
[2024-11-04 10:20:54,856 ] root - INFO - Top 8 features for Random Forest: ['zestimate', 'tax_assessed_value', 'area', 'home_type', 'lot_area_value', 'baths', 'days_on_zillow', 'beds']
[2024-11-04 10:20:54,856 ] root - INFO - Training Decision Tree
[2024-11-04 10:20:54,894 ] root - INFO - Top 8 features for Decision Tree: ['zestimate', 'home_type', 'area', 'tax_assessed_value', 'lot_area_value', 'baths', 'days_on_zillow', 'rent_zestimate']
[2024-11-04 10:20:54,894 ] root - INFO - Training Gradient Boosting
[2024-11-04 10:20:55,722 ] root - INFO - Top 8 features for Gradient Boosting: ['tax_assessed_value', 'zestimate', 'area', 'home_type', 'baths', 'lot_area_value', 'rent_zestimate', 'days_on_zillow']
[2024-11-04 10:20:55,722 ] root - INFO - Training Linear Regression
[2024-11-04 10:20:56,106 ] root - WARNING - Linear Regression does not support feature importances.
[2024-11-04 10:20:56,106 ] root - INFO - Training XGBRegressor
[2024-11-04 10:20:56,589 ] root - INFO - Top 8 features for XGBRegressor: ['home_type', 'zestimate', 'tax_assessed_value', 'baths', 'area', 'lot_area_value', 'beds', 'days_on_zillow']
[2024-11-04 10:20:56,590 ] root - INFO - Training CatBoosting Regressor
[2024-11-04 10:21:02,949 ] root - INFO - Top 8 features for CatBoosting Regressor: ['zestimate', 'area', 'tax_assessed_value', 'lot_area_value', 'home_type', 'baths', 'rent_zestimate', 'days_on_zillow']
[2024-11-04 10:21:02,950 ] root - INFO - Training AdaBoost Regressor
[2024-11-04 10:21:03,370 ] root - INFO - Top 8 features for AdaBoost Regressor: ['baths', 'home_type', 'area', 'lot_area_value', 'days_on_zillow', 'zestimate', 'tax_assessed_value', 'beds']
[2024-11-04 10:21:03,370 ] root - INFO - Evaluating model: Random Forest
[2024-11-04 10:21:03,370 ] root - WARNING - No parameters provided for Random Forest. Using default model.
[2024-11-04 10:21:05,775 ] root - INFO - Random Forest - Train R2: 0.9874695510608693, Test R2: 0.9009880681606091
[2024-11-04 10:21:05,775 ] root - INFO - Evaluating model: Decision Tree
[2024-11-04 10:21:05,775 ] root - WARNING - No parameters provided for Decision Tree. Using default model.
[2024-11-04 10:21:05,847 ] root - INFO - Decision Tree - Train R2: 0.9999804826794693, Test R2: 0.8505689156984456
[2024-11-04 10:21:05,848 ] root - INFO - Evaluating model: Gradient Boosting
[2024-11-04 10:21:05,848 ] root - WARNING - No parameters provided for Gradient Boosting. Using default model.
[2024-11-04 10:21:06,642 ] root - INFO - Gradient Boosting - Train R2: 0.819575381006346, Test R2: 0.7689211405096495
[2024-11-04 10:21:06,642 ] root - INFO - Evaluating model: Linear Regression
[2024-11-04 10:21:06,642 ] root - WARNING - No parameters provided for Linear Regression. Using default model.
[2024-11-04 10:21:06,703 ] root - INFO - Linear Regression - Train R2: 0.34920739317988925, Test R2: 0.45103950803761694
[2024-11-04 10:21:06,703 ] root - INFO - Evaluating model: XGBRegressor
[2024-11-04 10:21:06,703 ] root - WARNING - No parameters provided for XGBRegressor. Using default model.
[2024-11-04 10:21:06,897 ] root - INFO - XGBRegressor - Train R2: 0.9921156598366457, Test R2: 0.9047028821527661
[2024-11-04 10:21:06,897 ] root - INFO - Evaluating model: CatBoosting Regressor
[2024-11-04 10:21:06,897 ] root - WARNING - No parameters provided for CatBoosting Regressor. Using default model.
[2024-11-04 10:21:10,315 ] root - INFO - CatBoosting Regressor - Train R2: 0.9683545674735481, Test R2: 0.8967083238957241
[2024-11-04 10:21:10,316 ] root - INFO - Evaluating model: AdaBoost Regressor
[2024-11-04 10:21:10,316 ] root - WARNING - No parameters provided for AdaBoost Regressor. Using default model.
[2024-11-04 10:21:10,558 ] root - INFO - AdaBoost Regressor - Train R2: 0.5502697816708939, Test R2: 0.3648772727160463
[2024-11-04 10:21:10,559 ] root - INFO - Best found model using top features: XGBRegressor
[2024-11-04 10:21:10,559 ] root - INFO - Entered the save_object method of utils
[2024-11-04 10:21:10,565 ] root - INFO - Exited the save_object method of utils
[2024-11-04 10:21:10,579 ] root - INFO - Pipeline execution completed successfully
