[2024-11-04 07:15:26,561 ] root - INFO - Entered the data ingestion method or component
[2024-11-04 07:15:26,800 ] google.auth._default - DEBUG - Checking geocode-345718-d1551db2f8c6.json for explicit credentials as part of auth process...
[2024-11-04 07:15:26,801 ] pydata_google_auth.auth - DEBUG - Error getting default credentials: File geocode-345718-d1551db2f8c6.json was not found.
[2024-11-04 07:15:26,804 ] google.auth.transport.requests - DEBUG - Making request: POST https://oauth2.googleapis.com/token
[2024-11-04 07:15:26,815 ] urllib3.connectionpool - DEBUG - Starting new HTTPS connection (1): oauth2.googleapis.com:443
[2024-11-04 07:15:27,475 ] urllib3.connectionpool - DEBUG - https://oauth2.googleapis.com:443 "POST /token HTTP/11" 200 None
[2024-11-04 07:15:27,479 ] pandas_gbq.query - DEBUG - Requesting query... 
[2024-11-04 07:15:27,480 ] google.cloud.bigquery.opentelemetry_tracing - DEBUG - This service is instrumented using OpenTelemetry. OpenTelemetry or one of its components could not be imported; please add compatible versions of opentelemetry-api and opentelemetry-instrumentation packages in order to get BigQuery Tracing data.
[2024-11-04 07:15:27,481 ] urllib3.util.retry - DEBUG - Converted retries value: 3 -> Retry(total=3, connect=None, read=None, redirect=None, status=None)
[2024-11-04 07:15:27,486 ] urllib3.connectionpool - DEBUG - Starting new HTTPS connection (1): bigquery.googleapis.com:443
[2024-11-04 07:15:31,452 ] urllib3.connectionpool - DEBUG - https://bigquery.googleapis.com:443 "POST /bigquery/v2/projects/geocode-345718/queries?prettyPrint=false HTTP/11" 200 None
[2024-11-04 07:15:37,158 ] urllib3.connectionpool - DEBUG - https://bigquery.googleapis.com:443 "GET /bigquery/v2/projects/geocode-345718/jobs/job_syhh1tKC0P9zLcvs8asjREPpV0AW?projection=full&location=US&prettyPrint=false HTTP/11" 200 None
[2024-11-04 07:15:37,233 ] pandas_gbq.query - DEBUG - Query done.

[2024-11-04 07:15:37,631 ] urllib3.connectionpool - DEBUG - https://bigquery.googleapis.com:443 "GET /bigquery/v2/projects/geocode-345718/datasets/_c16a6afdb9763f79a2aaa849fb4a8d49b9adfe63/tables/anonacfeb8f5aaaa8cd2f4b045f5781e4f9301d1b71899d896cf5006c50ae00b6e45?prettyPrint=false HTTP/11" 200 None
[2024-11-04 07:15:39,806 ] urllib3.connectionpool - DEBUG - https://bigquery.googleapis.com:443 "GET /bigquery/v2/projects/geocode-345718/queries/job_syhh1tKC0P9zLcvs8asjREPpV0AW?pageToken=BGQ2JT7VSIAQAAASA4EAAEEAQCAAKGQKBD2Y6AIQ737777YHECYK4FKKTMBAU3AKDEFA4Z3FN5RW6ZDFFUZTINJXGE4BC3DBO2U7KAAAAAJCSX3DGE3GCNTBMZSGEOJXGYZWMNZZMEZGCYLBHA2DSZTCGRQTQZBUHFRDSYLEMZSTMMY2EQYGCNTCG4YTIMJNMY3TENBNGQ2WCYRNHA2WIMBNGQ2GGNBRGEZDSYRVGU4RERDBNZXW4YLDMZSWEODGGVQWCYLBHBRWIMTGGRRDANBVMY2TOOBRMU2GMOJTGAYWIMLCG4YTQOJZMQ4DSNTDMY2TAMBWMM2TAYLFGAYGENTFGQ2RUZLBMNTGKYRYMY2WCYLBME4GGZBSMY2GEMBUGVTDKNZYGFSTIZRZGMYDCZBRMI3TCOBZHFSDQOJWMNTDKMBQGZRTKMDBMUYDAYRWMU2DKIZSHA4DAZBYGVRS2NTBGM2S2NBWGJSC2YRTMJSC2ZTCME3DQYRXG5RGENBQ&fields=jobReference%2CtotalRows%2CpageToken%2Crows&location=US&formatOptions.useInt64Timestamp=True&prettyPrint=false HTTP/11" 200 None
[2024-11-04 07:15:41,168 ] pandas_gbq.gbq - DEBUG - Got 25461 rows.

[2024-11-04 07:15:41,168 ] pandas_gbq.gbq - INFO - Total time taken 13.69 s.
Finished at 2024-11-04 07:15:41.
[2024-11-04 07:15:41,168 ] root - INFO - Fetched the dataset from BigQuery as dataframe
[2024-11-04 07:15:41,864 ] root - INFO - Saved the full dataset to feature_store/real_estate.csv
[2024-11-04 07:15:41,864 ] root - INFO - Train test split initiated
[2024-11-04 07:15:42,638 ] root - INFO - Ingestion of the data is completed
[2024-11-04 07:15:43,005 ] root - INFO - Columns after filtering and cleaning: ['days_on_zillow', 'zestimate', 'rent_zestimate', 'area', 'beds', 'baths', 'price_change', 'tax_assessed_value', 'lot_area_value', 'home_type', 'price']
[2024-11-04 07:15:43,023 ] root - INFO - Final input features: ['days_on_zillow', 'zestimate', 'rent_zestimate', 'area', 'beds', 'baths', 'price_change', 'tax_assessed_value', 'lot_area_value', 'home_type']
[2024-11-04 07:15:43,174 ] root - INFO - Split training and test input data
[2024-11-04 07:15:43,175 ] root - INFO - Training Random Forest
[2024-11-04 07:15:46,619 ] root - INFO - Top 8 features for Random Forest: ['zestimate', 'tax_assessed_value', 'area', 'home_type', 'lot_area_value', 'baths', 'days_on_zillow', 'beds']
[2024-11-04 07:15:46,620 ] root - INFO - Training Decision Tree
[2024-11-04 07:15:46,669 ] root - INFO - Top 8 features for Decision Tree: ['zestimate', 'home_type', 'area', 'tax_assessed_value', 'lot_area_value', 'baths', 'days_on_zillow', 'rent_zestimate']
[2024-11-04 07:15:46,669 ] root - INFO - Training Gradient Boosting
[2024-11-04 07:15:47,690 ] root - INFO - Top 8 features for Gradient Boosting: ['tax_assessed_value', 'zestimate', 'area', 'home_type', 'baths', 'lot_area_value', 'rent_zestimate', 'days_on_zillow']
[2024-11-04 07:15:47,691 ] root - INFO - Training Linear Regression
[2024-11-04 07:15:47,693 ] root - WARNING - Linear Regression does not support feature importances.
[2024-11-04 07:15:47,693 ] root - INFO - Training XGBRegressor
[2024-11-04 07:15:47,894 ] root - INFO - Top 8 features for XGBRegressor: ['home_type', 'zestimate', 'tax_assessed_value', 'baths', 'area', 'lot_area_value', 'beds', 'days_on_zillow']
[2024-11-04 07:15:47,894 ] root - INFO - Training CatBoosting Regressor
[2024-11-04 07:15:51,544 ] root - INFO - Top 8 features for CatBoosting Regressor: ['zestimate', 'area', 'tax_assessed_value', 'lot_area_value', 'home_type', 'baths', 'rent_zestimate', 'days_on_zillow']
[2024-11-04 07:15:51,544 ] root - INFO - Training AdaBoost Regressor
[2024-11-04 07:15:51,843 ] root - INFO - Top 8 features for AdaBoost Regressor: ['baths', 'home_type', 'area', 'lot_area_value', 'zestimate', 'tax_assessed_value', 'days_on_zillow', 'rent_zestimate']
[2024-11-04 07:15:51,844 ] root - INFO - Evaluating model: Random Forest
[2024-11-04 07:15:51,844 ] root - WARNING - No parameters provided for Random Forest. Using default model.
[2024-11-04 07:15:55,003 ] root - INFO - Random Forest - Train R2: 0.9859754981414215, Test R2: 0.9027977018333165
[2024-11-04 07:15:55,003 ] root - INFO - Evaluating model: Decision Tree
[2024-11-04 07:15:55,003 ] root - WARNING - No parameters provided for Decision Tree. Using default model.
[2024-11-04 07:15:55,051 ] root - INFO - Decision Tree - Train R2: 0.9999804826794693, Test R2: 0.8318551438982792
[2024-11-04 07:15:55,051 ] root - INFO - Evaluating model: Gradient Boosting
[2024-11-04 07:15:55,051 ] root - WARNING - No parameters provided for Gradient Boosting. Using default model.
[2024-11-04 07:15:56,051 ] root - INFO - Gradient Boosting - Train R2: 0.819575381006346, Test R2: 0.7688127853651913
[2024-11-04 07:15:56,051 ] root - INFO - Evaluating model: Linear Regression
[2024-11-04 07:15:56,052 ] root - WARNING - No parameters provided for Linear Regression. Using default model.
[2024-11-04 07:15:56,071 ] root - INFO - Linear Regression - Train R2: 0.34920739317988925, Test R2: 0.45103950803761694
[2024-11-04 07:15:56,071 ] root - INFO - Evaluating model: XGBRegressor
[2024-11-04 07:15:56,071 ] root - WARNING - No parameters provided for XGBRegressor. Using default model.
[2024-11-04 07:15:56,260 ] root - INFO - XGBRegressor - Train R2: 0.9921156598366457, Test R2: 0.9047028821527661
[2024-11-04 07:15:56,261 ] root - INFO - Evaluating model: CatBoosting Regressor
[2024-11-04 07:15:56,261 ] root - WARNING - No parameters provided for CatBoosting Regressor. Using default model.
[2024-11-04 07:15:59,941 ] root - INFO - CatBoosting Regressor - Train R2: 0.9683545674735481, Test R2: 0.8967083238957241
[2024-11-04 07:15:59,941 ] root - INFO - Evaluating model: AdaBoost Regressor
[2024-11-04 07:15:59,941 ] root - WARNING - No parameters provided for AdaBoost Regressor. Using default model.
[2024-11-04 07:16:00,235 ] root - INFO - AdaBoost Regressor - Train R2: 0.5281506396763502, Test R2: 0.3389553827264612
[2024-11-04 07:16:00,235 ] root - INFO - Best found model using top features: XGBRegressor
[2024-11-04 07:16:00,235 ] root - INFO - Entered the save_object method of utils
[2024-11-04 07:16:00,245 ] root - INFO - Exited the save_object method of utils
[2024-11-04 07:16:00,261 ] root - INFO - Pipeline execution completed successfully
