[2024-11-03 18:25:14,960 ] root - INFO - Entered the data ingestion method or component
[2024-11-03 18:25:15,077 ] google.auth._default - DEBUG - Checking geocode-345718-d1551db2f8c6.json for explicit credentials as part of auth process...
[2024-11-03 18:25:15,079 ] pydata_google_auth.auth - DEBUG - Error getting default credentials: File geocode-345718-d1551db2f8c6.json was not found.
[2024-11-03 18:25:15,081 ] google.auth.transport.requests - DEBUG - Making request: POST https://oauth2.googleapis.com/token
[2024-11-03 18:25:15,085 ] urllib3.connectionpool - DEBUG - Starting new HTTPS connection (1): oauth2.googleapis.com:443
[2024-11-03 18:25:57,778 ] urllib3.connectionpool - DEBUG - https://oauth2.googleapis.com:443 "POST /token HTTP/11" 200 None
[2024-11-03 18:25:57,780 ] pandas_gbq.query - DEBUG - Requesting query... 
[2024-11-03 18:25:57,781 ] google.cloud.bigquery.opentelemetry_tracing - DEBUG - This service is instrumented using OpenTelemetry. OpenTelemetry or one of its components could not be imported; please add compatible versions of opentelemetry-api and opentelemetry-instrumentation packages in order to get BigQuery Tracing data.
[2024-11-03 18:25:57,781 ] urllib3.util.retry - DEBUG - Converted retries value: 3 -> Retry(total=3, connect=None, read=None, redirect=None, status=None)
[2024-11-03 18:25:57,783 ] urllib3.connectionpool - DEBUG - Starting new HTTPS connection (1): bigquery.googleapis.com:443
[2024-11-03 18:26:08,861 ] google.api_core.retry - DEBUG - Retrying due to HTTPSConnectionPool(host='bigquery.googleapis.com', port=443): Max retries exceeded with url: /bigquery/v2/projects/geocode-345718/queries?prettyPrint=false (Caused by NameResolutionError("<urllib3.connection.HTTPSConnection object at 0x0000021E6F26B310>: Failed to resolve 'bigquery.googleapis.com' ([Errno 11001] getaddrinfo failed)")), sleeping 0.5s ...
[2024-11-03 18:26:09,318 ] urllib3.connectionpool - DEBUG - Starting new HTTPS connection (2): bigquery.googleapis.com:443
[2024-11-03 18:26:14,893 ] urllib3.connectionpool - DEBUG - https://bigquery.googleapis.com:443 "POST /bigquery/v2/projects/geocode-345718/queries?prettyPrint=false HTTP/11" 200 None
[2024-11-03 18:26:20,211 ] urllib3.connectionpool - DEBUG - https://bigquery.googleapis.com:443 "GET /bigquery/v2/projects/geocode-345718/jobs/job_77W2hUtp6Hk2gPgiOMZmR4y8uzu5?projection=full&location=US&prettyPrint=false HTTP/11" 200 None
[2024-11-03 18:26:20,278 ] pandas_gbq.query - DEBUG - Query done.

[2024-11-03 18:26:20,699 ] urllib3.connectionpool - DEBUG - https://bigquery.googleapis.com:443 "GET /bigquery/v2/projects/geocode-345718/datasets/_c16a6afdb9763f79a2aaa849fb4a8d49b9adfe63/tables/anonacfeb8f5aaaa8cd2f4b045f5781e4f9301d1b71899d896cf5006c50ae00b6e45?prettyPrint=false HTTP/11" 200 None
[2024-11-03 18:26:22,434 ] urllib3.connectionpool - DEBUG - https://bigquery.googleapis.com:443 "GET /bigquery/v2/projects/geocode-345718/queries/job_77W2hUtp6Hk2gPgiOMZmR4y8uzu5?pageToken=BF7FWD7TSIAQAAASA4EAAEEAQCAAKGQKBD2Y6AIQ737777YHECYK4FKKTMBAU3AKDEFA4Z3FN5RW6ZDFFUZTINJXGE4BC3DBO2U7KAAAAAJCSX3DGE3GCNTBMZSGEOJXGYZWMNZZMEZGCYLBHA2DSZTCGRQTQZBUHFRDSYLEMZSTMMY2EQYGCNTCG4YTIMJNMY3TENBNGQ2WCYRNHA2WIMBNGQ2GGNBRGEZDSYRVGU4RERDBNZXW4YLDMZSWEODGGVQWCYLBHBRWIMTGGRRDANBVMY2TOOBRMU2GMOJTGAYWIMLCG4YTQOJZMQ4DSNTDMY2TAMBWMM2TAYLFGAYGENTFGQ2RUZLBMNTGKYRYMY2WCYLBME4GGZBSMY2GEMBUGVTDKNZYGFSTIZRZGMYDCZBRMI3TCOBZHFSDQOJWMNTDKMBQGZRTKMDBMUYDAYRWMU2DKIZSHA4DAZBYGVRS2NTBGM2S2NBWGJSC2YRTMJSC2ZTCME3DQYRXG5RGENBQ&fields=jobReference%2CtotalRows%2CpageToken%2Crows&location=US&formatOptions.useInt64Timestamp=True&prettyPrint=false HTTP/11" 200 None
[2024-11-03 18:26:23,760 ] pandas_gbq.gbq - DEBUG - Got 25461 rows.

[2024-11-03 18:26:23,761 ] pandas_gbq.gbq - INFO - Total time taken 25.98 s.
Finished at 2024-11-03 18:26:23.
[2024-11-03 18:26:23,761 ] root - INFO - Fetched the dataset from BigQuery as dataframe
[2024-11-03 18:26:24,372 ] root - INFO - Saved the full dataset to feature_store/real_estate.csv
[2024-11-03 18:26:24,372 ] root - INFO - Train test split initiated
[2024-11-03 18:26:24,989 ] root - INFO - Ingestion of the data is completed
[2024-11-03 18:26:25,156 ] root - INFO - Columns after filtering and cleaning: ['days_on_zillow', 'zestimate', 'rent_zestimate', 'area', 'beds', 'baths', 'price_change', 'tax_assessed_value', 'lot_area_value', 'home_type', 'price']
[2024-11-03 18:26:25,175 ] root - INFO - Final input features: ['days_on_zillow', 'zestimate', 'rent_zestimate', 'area', 'beds', 'baths', 'price_change', 'tax_assessed_value', 'lot_area_value', 'home_type']
[2024-11-03 18:26:25,310 ] root - INFO - Split training and test input data
[2024-11-03 18:26:25,312 ] root - INFO - Training Random Forest
[2024-11-03 18:26:27,984 ] root - INFO - Top 8 features for Random Forest: ['feature_1', 'feature_7', 'feature_3', 'feature_9', 'feature_8', 'feature_5', 'feature_0', 'feature_4']
[2024-11-03 18:26:27,985 ] root - INFO - Training Decision Tree
[2024-11-03 18:26:28,023 ] root - INFO - Top 8 features for Decision Tree: ['feature_1', 'feature_3', 'feature_9', 'feature_7', 'feature_8', 'feature_5', 'feature_0', 'feature_2']
[2024-11-03 18:26:28,023 ] root - INFO - Training Gradient Boosting
[2024-11-03 18:26:28,802 ] root - INFO - Top 8 features for Gradient Boosting: ['feature_7', 'feature_1', 'feature_3', 'feature_9', 'feature_5', 'feature_8', 'feature_2', 'feature_0']
[2024-11-03 18:26:28,802 ] root - INFO - Training Linear Regression
[2024-11-03 18:26:28,804 ] root - WARNING - Linear Regression does not support feature importances.
[2024-11-03 18:26:28,804 ] root - INFO - Training XGBRegressor
[2024-11-03 18:26:28,967 ] root - INFO - Top 8 features for XGBRegressor: ['feature_9', 'feature_1', 'feature_7', 'feature_5', 'feature_3', 'feature_8', 'feature_4', 'feature_0']
[2024-11-03 18:26:28,967 ] root - INFO - Training CatBoosting Regressor
[2024-11-03 18:26:32,408 ] root - INFO - Top 8 features for CatBoosting Regressor: ['feature_1', 'feature_3', 'feature_7', 'feature_8', 'feature_9', 'feature_5', 'feature_2', 'feature_0']
[2024-11-03 18:26:32,408 ] root - INFO - Training AdaBoost Regressor
[2024-11-03 18:26:32,653 ] root - INFO - Top 8 features for AdaBoost Regressor: ['feature_5', 'feature_3', 'feature_9', 'feature_8', 'feature_7', 'feature_1', 'feature_0', 'feature_2']
[2024-11-03 18:26:32,653 ] root - INFO - Evaluating model: Random Forest
[2024-11-03 18:26:32,653 ] root - WARNING - No parameters provided for Random Forest. Using default model.
[2024-11-03 18:26:34,958 ] root - INFO - Random Forest - Train R2: 0.9858992417029593, Test R2: 0.9035612460263194
[2024-11-03 18:26:34,958 ] root - INFO - Evaluating model: Decision Tree
[2024-11-03 18:26:34,958 ] root - WARNING - No parameters provided for Decision Tree. Using default model.
[2024-11-03 18:26:34,994 ] root - INFO - Decision Tree - Train R2: 0.9999804826794693, Test R2: 0.8309705346450693
[2024-11-03 18:26:34,995 ] root - INFO - Evaluating model: Gradient Boosting
[2024-11-03 18:26:34,995 ] root - WARNING - No parameters provided for Gradient Boosting. Using default model.
[2024-11-03 18:26:35,740 ] root - INFO - Gradient Boosting - Train R2: 0.819575381006346, Test R2: 0.7689299619016885
[2024-11-03 18:26:35,740 ] root - INFO - Evaluating model: Linear Regression
[2024-11-03 18:26:35,741 ] root - WARNING - No parameters provided for Linear Regression. Using default model.
[2024-11-03 18:26:35,745 ] root - INFO - Linear Regression - Train R2: 0.34920739317988925, Test R2: 0.45103950803761694
[2024-11-03 18:26:35,745 ] root - INFO - Evaluating model: XGBRegressor
[2024-11-03 18:26:35,745 ] root - WARNING - No parameters provided for XGBRegressor. Using default model.
[2024-11-03 18:26:35,894 ] root - INFO - XGBRegressor - Train R2: 0.9921156598366457, Test R2: 0.9047028821527661
[2024-11-03 18:26:35,895 ] root - INFO - Evaluating model: CatBoosting Regressor
[2024-11-03 18:26:35,895 ] root - WARNING - No parameters provided for CatBoosting Regressor. Using default model.
[2024-11-03 18:26:38,952 ] root - INFO - CatBoosting Regressor - Train R2: 0.9683545674735481, Test R2: 0.8967083238957241
[2024-11-03 18:26:38,952 ] root - INFO - Evaluating model: AdaBoost Regressor
[2024-11-03 18:26:38,953 ] root - WARNING - No parameters provided for AdaBoost Regressor. Using default model.
[2024-11-03 18:26:39,157 ] root - INFO - AdaBoost Regressor - Train R2: 0.5371499472096286, Test R2: 0.3151367921273217
[2024-11-03 18:26:39,158 ] root - INFO - Best found model using top features: XGBRegressor
[2024-11-03 18:26:39,158 ] root - INFO - Entered the save_object method of utils
[2024-11-03 18:26:39,214 ] root - INFO - Exited the save_object method of utils
[2024-11-03 18:26:39,227 ] root - INFO - Pipeline execution completed successfully
