[2024-11-03 19:01:53,905 ] root - INFO - Entered the data ingestion method or component
[2024-11-03 19:01:54,042 ] google.auth._default - DEBUG - Checking geocode-345718-d1551db2f8c6.json for explicit credentials as part of auth process...
[2024-11-03 19:01:54,043 ] pydata_google_auth.auth - DEBUG - Error getting default credentials: File geocode-345718-d1551db2f8c6.json was not found.
[2024-11-03 19:01:54,044 ] google.auth.transport.requests - DEBUG - Making request: POST https://oauth2.googleapis.com/token
[2024-11-03 19:01:54,046 ] urllib3.connectionpool - DEBUG - Starting new HTTPS connection (1): oauth2.googleapis.com:443
[2024-11-03 19:01:54,605 ] urllib3.connectionpool - DEBUG - https://oauth2.googleapis.com:443 "POST /token HTTP/11" 200 None
[2024-11-03 19:01:54,606 ] pandas_gbq.query - DEBUG - Requesting query... 
[2024-11-03 19:01:54,607 ] google.cloud.bigquery.opentelemetry_tracing - DEBUG - This service is instrumented using OpenTelemetry. OpenTelemetry or one of its components could not be imported; please add compatible versions of opentelemetry-api and opentelemetry-instrumentation packages in order to get BigQuery Tracing data.
[2024-11-03 19:01:54,607 ] urllib3.util.retry - DEBUG - Converted retries value: 3 -> Retry(total=3, connect=None, read=None, redirect=None, status=None)
[2024-11-03 19:01:54,611 ] urllib3.connectionpool - DEBUG - Starting new HTTPS connection (1): bigquery.googleapis.com:443
[2024-11-03 19:02:18,311 ] google.api_core.retry - DEBUG - Retrying due to HTTPSConnectionPool(host='bigquery.googleapis.com', port=443): Max retries exceeded with url: /bigquery/v2/projects/geocode-345718/queries?prettyPrint=false (Caused by ConnectTimeoutError(<urllib3.connection.HTTPSConnection object at 0x0000019869517E50>, 'Connection to bigquery.googleapis.com timed out. (connect timeout=None)')), sleeping 1.0s ...
[2024-11-03 19:02:19,278 ] urllib3.connectionpool - DEBUG - Starting new HTTPS connection (2): bigquery.googleapis.com:443
[2024-11-03 19:02:23,488 ] urllib3.connectionpool - DEBUG - https://bigquery.googleapis.com:443 "POST /bigquery/v2/projects/geocode-345718/queries?prettyPrint=false HTTP/11" 200 None
[2024-11-03 19:02:28,614 ] urllib3.connectionpool - DEBUG - https://bigquery.googleapis.com:443 "GET /bigquery/v2/projects/geocode-345718/jobs/job_ZtLcHQdmBixN1G7pJTFQtoqrt8mW?projection=full&location=US&prettyPrint=false HTTP/11" 200 None
[2024-11-03 19:02:28,683 ] pandas_gbq.query - DEBUG - Query done.

[2024-11-03 19:02:29,180 ] urllib3.connectionpool - DEBUG - https://bigquery.googleapis.com:443 "GET /bigquery/v2/projects/geocode-345718/datasets/_c16a6afdb9763f79a2aaa849fb4a8d49b9adfe63/tables/anonacfeb8f5aaaa8cd2f4b045f5781e4f9301d1b71899d896cf5006c50ae00b6e45?prettyPrint=false HTTP/11" 200 None
[2024-11-03 19:02:31,149 ] urllib3.connectionpool - DEBUG - https://bigquery.googleapis.com:443 "GET /bigquery/v2/projects/geocode-345718/queries/job_ZtLcHQdmBixN1G7pJTFQtoqrt8mW?pageToken=BHMHEMHTSIAQAAASA4EAAEEAQCAAKGQKBD2Y6AIQ737777YHECYK4FKKTMBAU3AKDEFA4Z3FN5RW6ZDFFUZTINJXGE4BC3DBO2U7KAAAAAJCSX3DGE3GCNTBMZSGEOJXGYZWMNZZMEZGCYLBHA2DSZTCGRQTQZBUHFRDSYLEMZSTMMY2EQYGCNTCG4YTIMJNMY3TENBNGQ2WCYRNHA2WIMBNGQ2GGNBRGEZDSYRVGU4RERDBNZXW4YLDMZSWEODGGVQWCYLBHBRWIMTGGRRDANBVMY2TOOBRMU2GMOJTGAYWIMLCG4YTQOJZMQ4DSNTDMY2TAMBWMM2TAYLFGAYGENTFGQ2RUZLBMNTGKYRYMY2WCYLBME4GGZBSMY2GEMBUGVTDKNZYGFSTIZRZGMYDCZBRMI3TCOBZHFSDQOJWMNTDKMBQGZRTKMDBMUYDAYRWMU2DKIZSHA4DAZBYGVRS2NTBGM2S2NBWGJSC2YRTMJSC2ZTCME3DQYRXG5RGENBQ&fields=jobReference%2CtotalRows%2CpageToken%2Crows&location=US&formatOptions.useInt64Timestamp=True&prettyPrint=false HTTP/11" 200 None
[2024-11-03 19:02:32,367 ] pandas_gbq.gbq - DEBUG - Got 25461 rows.

[2024-11-03 19:02:32,367 ] pandas_gbq.gbq - INFO - Total time taken 37.76 s.
Finished at 2024-11-03 19:02:32.
[2024-11-03 19:02:32,367 ] root - INFO - Fetched the dataset from BigQuery as dataframe
[2024-11-03 19:02:32,890 ] root - INFO - Saved the full dataset to feature_store/real_estate.csv
[2024-11-03 19:02:32,890 ] root - INFO - Train test split initiated
[2024-11-03 19:02:33,456 ] root - INFO - Ingestion of the data is completed
[2024-11-03 19:02:33,615 ] root - INFO - Columns after filtering and cleaning: ['days_on_zillow', 'zestimate', 'rent_zestimate', 'area', 'beds', 'baths', 'price_change', 'tax_assessed_value', 'lot_area_value', 'home_type', 'price']
[2024-11-03 19:02:33,629 ] root - INFO - Final input features: ['days_on_zillow', 'zestimate', 'rent_zestimate', 'area', 'beds', 'baths', 'price_change', 'tax_assessed_value', 'lot_area_value', 'home_type']
[2024-11-03 19:02:33,750 ] root - INFO - Split training and test input data
[2024-11-03 19:02:33,752 ] root - INFO - Training Random Forest
[2024-11-03 19:02:36,346 ] root - INFO - Top 8 features for Random Forest: ['feature_1', 'feature_7', 'feature_3', 'feature_9', 'feature_8', 'feature_5', 'feature_0', 'feature_4']
[2024-11-03 19:02:36,346 ] root - INFO - Training Decision Tree
[2024-11-03 19:02:36,385 ] root - INFO - Top 8 features for Decision Tree: ['feature_1', 'feature_9', 'feature_3', 'feature_7', 'feature_8', 'feature_5', 'feature_0', 'feature_2']
[2024-11-03 19:02:36,385 ] root - INFO - Training Gradient Boosting
[2024-11-03 19:02:37,157 ] root - INFO - Top 8 features for Gradient Boosting: ['feature_7', 'feature_1', 'feature_3', 'feature_9', 'feature_5', 'feature_8', 'feature_2', 'feature_0']
[2024-11-03 19:02:37,157 ] root - INFO - Training Linear Regression
[2024-11-03 19:02:37,160 ] root - WARNING - Linear Regression does not support feature importances.
[2024-11-03 19:02:37,160 ] root - INFO - Training XGBRegressor
[2024-11-03 19:02:37,323 ] root - INFO - Top 8 features for XGBRegressor: ['feature_9', 'feature_1', 'feature_7', 'feature_5', 'feature_3', 'feature_8', 'feature_4', 'feature_0']
[2024-11-03 19:02:37,323 ] root - INFO - Training CatBoosting Regressor
[2024-11-03 19:02:41,566 ] root - INFO - Top 8 features for CatBoosting Regressor: ['feature_1', 'feature_3', 'feature_7', 'feature_8', 'feature_9', 'feature_5', 'feature_2', 'feature_0']
[2024-11-03 19:02:41,566 ] root - INFO - Training AdaBoost Regressor
[2024-11-03 19:02:41,774 ] root - INFO - Top 8 features for AdaBoost Regressor: ['feature_5', 'feature_3', 'feature_9', 'feature_1', 'feature_8', 'feature_7', 'feature_0', 'feature_2']
