[2024-11-04 12:44:25,278 ] root - INFO - Entered the data ingestion method or component
[2024-11-04 12:44:27,895 ] google.auth._default - DEBUG - Checking geocode-345718-d1551db2f8c6.json for explicit credentials as part of auth process...
[2024-11-04 12:44:27,896 ] pydata_google_auth.auth - DEBUG - Error getting default credentials: File geocode-345718-d1551db2f8c6.json was not found.
[2024-11-04 12:44:27,938 ] google.auth.transport.requests - DEBUG - Making request: POST https://oauth2.googleapis.com/token
[2024-11-04 12:44:27,960 ] urllib3.connectionpool - DEBUG - Starting new HTTPS connection (1): oauth2.googleapis.com:443
[2024-11-04 12:44:28,783 ] urllib3.connectionpool - DEBUG - https://oauth2.googleapis.com:443 "POST /token HTTP/11" 200 None
[2024-11-04 12:44:28,787 ] pandas_gbq.query - DEBUG - Requesting query... 
[2024-11-04 12:44:28,788 ] google.cloud.bigquery.opentelemetry_tracing - DEBUG - This service is instrumented using OpenTelemetry. OpenTelemetry or one of its components could not be imported; please add compatible versions of opentelemetry-api and opentelemetry-instrumentation packages in order to get BigQuery Tracing data.
[2024-11-04 12:44:28,789 ] urllib3.util.retry - DEBUG - Converted retries value: 3 -> Retry(total=3, connect=None, read=None, redirect=None, status=None)
[2024-11-04 12:44:28,795 ] urllib3.connectionpool - DEBUG - Starting new HTTPS connection (1): bigquery.googleapis.com:443
[2024-11-04 12:44:32,657 ] urllib3.connectionpool - DEBUG - https://bigquery.googleapis.com:443 "POST /bigquery/v2/projects/geocode-345718/queries?prettyPrint=false HTTP/11" 200 None
[2024-11-04 12:44:38,027 ] urllib3.connectionpool - DEBUG - https://bigquery.googleapis.com:443 "GET /bigquery/v2/projects/geocode-345718/jobs/job_n4cZ0eTD4aTbwuz-qeYqv9ChkbUB?projection=full&location=US&prettyPrint=false HTTP/11" 200 None
[2024-11-04 12:44:38,090 ] pandas_gbq.query - DEBUG - Query done.

[2024-11-04 12:44:38,438 ] urllib3.connectionpool - DEBUG - https://bigquery.googleapis.com:443 "GET /bigquery/v2/projects/geocode-345718/datasets/_c16a6afdb9763f79a2aaa849fb4a8d49b9adfe63/tables/anonacfeb8f5aaaa8cd2f4b045f5781e4f9301d1b71899d896cf5006c50ae00b6e45?prettyPrint=false HTTP/11" 200 None
[2024-11-04 12:44:41,381 ] urllib3.connectionpool - DEBUG - https://bigquery.googleapis.com:443 "GET /bigquery/v2/projects/geocode-345718/queries/job_n4cZ0eTD4aTbwuz-qeYqv9ChkbUB?pageToken=BEQOJ7HWSIAQAAASA4EAAEEAQCAAKGQKBD2Y6AIQ737777YHECYK4FKKTMBAU3AKDEFA4Z3FN5RW6ZDFFUZTINJXGE4BC3DBO2U7KAAAAAJCSX3DGE3GCNTBMZSGEOJXGYZWMNZZMEZGCYLBHA2DSZTCGRQTQZBUHFRDSYLEMZSTMMY2EQYGCNTCG4YTIMJNMY3TENBNGQ2WCYRNHA2WIMBNGQ2GGNBRGEZDSYRVGU4RERDBNZXW4YLDMZSWEODGGVQWCYLBHBRWIMTGGRRDANBVMY2TOOBRMU2GMOJTGAYWIMLCG4YTQOJZMQ4DSNTDMY2TAMBWMM2TAYLFGAYGENTFGQ2RUZLBMNTGKYRYMY2WCYLBME4GGZBSMY2GEMBUGVTDKNZYGFSTIZRZGMYDCZBRMI3TCOBZHFSDQOJWMNTDKMBQGZRTKMDBMUYDAYRWMU2DKIZSHA4DAZBYGVRS2NTBGM2S2NBWGJSC2YRTMJSC2ZTCME3DQYRXG5RGENBQ&fields=jobReference%2CtotalRows%2CpageToken%2Crows&location=US&formatOptions.useInt64Timestamp=True&prettyPrint=false HTTP/11" 200 None
[2024-11-04 12:44:43,467 ] pandas_gbq.gbq - DEBUG - Got 25461 rows.

[2024-11-04 12:44:43,467 ] pandas_gbq.gbq - INFO - Total time taken 14.68 s.
Finished at 2024-11-04 12:44:43.
[2024-11-04 12:44:43,468 ] root - INFO - Fetched the dataset from BigQuery as dataframe
[2024-11-04 12:44:44,305 ] root - INFO - Saved the full dataset to feature_store/real_estate.csv
[2024-11-04 12:44:44,306 ] root - INFO - Train test split initiated
[2024-11-04 12:44:45,477 ] root - INFO - Ingestion of the data is completed
[2024-11-04 12:44:47,373 ] root - INFO - Columns after filtering and cleaning: ['days_on_zillow', 'zestimate', 'rent_zestimate', 'area', 'beds', 'baths', 'price_change', 'tax_assessed_value', 'lot_area_value', 'home_type', 'price']
[2024-11-04 12:44:47,441 ] root - INFO - Final input features: ['days_on_zillow', 'zestimate', 'rent_zestimate', 'area', 'beds', 'baths', 'price_change', 'tax_assessed_value', 'lot_area_value', 'home_type']
[2024-11-04 12:44:47,739 ] root - INFO - Split training and test input data
[2024-11-04 12:44:47,868 ] root - INFO - Training Random Forest
[2024-11-04 12:44:51,286 ] root - INFO - Top 8 features for Random Forest: ['tax_assessed_value', 'zestimate', 'area', 'home_type', 'lot_area_value', 'baths', 'days_on_zillow', 'beds']
[2024-11-04 12:44:51,287 ] root - INFO - Training Decision Tree
[2024-11-04 12:44:51,328 ] root - INFO - Top 8 features for Decision Tree: ['zestimate', 'home_type', 'area', 'tax_assessed_value', 'lot_area_value', 'baths', 'days_on_zillow', 'rent_zestimate']
[2024-11-04 12:44:51,328 ] root - INFO - Training Gradient Boosting
[2024-11-04 12:44:52,766 ] root - INFO - Top 8 features for Gradient Boosting: ['tax_assessed_value', 'zestimate', 'area', 'home_type', 'baths', 'lot_area_value', 'rent_zestimate', 'days_on_zillow']
[2024-11-04 12:44:52,766 ] root - INFO - Training Linear Regression
[2024-11-04 12:44:54,101 ] root - WARNING - Linear Regression does not support feature importances.
[2024-11-04 12:44:54,102 ] root - INFO - Training XGBRegressor
[2024-11-04 12:44:55,797 ] root - INFO - Top 8 features for XGBRegressor: ['home_type', 'zestimate', 'tax_assessed_value', 'baths', 'area', 'lot_area_value', 'beds', 'days_on_zillow']
[2024-11-04 12:44:55,797 ] root - INFO - Training CatBoosting Regressor
[2024-11-04 12:45:09,655 ] root - INFO - Top 8 features for CatBoosting Regressor: ['zestimate', 'tax_assessed_value', 'lot_area_value', 'area', 'home_type', 'baths', 'rent_zestimate', 'days_on_zillow']
[2024-11-04 12:45:09,655 ] root - INFO - Training AdaBoost Regressor
[2024-11-04 12:45:10,489 ] root - INFO - Top 8 features for AdaBoost Regressor: ['baths', 'home_type', 'area', 'lot_area_value', 'tax_assessed_value', 'days_on_zillow', 'zestimate', 'beds']
[2024-11-04 12:45:10,490 ] root - INFO - Evaluating model: Random Forest
[2024-11-04 12:45:10,490 ] root - WARNING - No parameters provided for Random Forest. Using default model.
[2024-11-04 12:45:13,083 ] root - INFO - Random Forest - Train R2: 0.9865743274628118, Test R2: 0.90310994384434
[2024-11-04 12:45:13,083 ] root - INFO - Evaluating model: Decision Tree
[2024-11-04 12:45:13,083 ] root - WARNING - No parameters provided for Decision Tree. Using default model.
[2024-11-04 12:45:13,121 ] root - INFO - Decision Tree - Train R2: 0.9999804826794693, Test R2: 0.8240329034996637
[2024-11-04 12:45:13,122 ] root - INFO - Evaluating model: Gradient Boosting
[2024-11-04 12:45:13,122 ] root - WARNING - No parameters provided for Gradient Boosting. Using default model.
[2024-11-04 12:45:18,150 ] root - INFO - Gradient Boosting - Train R2: 0.8252143111442384, Test R2: 0.7668366274507908
[2024-11-04 12:45:18,150 ] root - INFO - Evaluating model: Linear Regression
[2024-11-04 12:45:18,150 ] root - WARNING - No parameters provided for Linear Regression. Using default model.
[2024-11-04 12:45:18,900 ] root - INFO - Linear Regression - Train R2: 0.3383696745536797, Test R2: 0.4436898365506995
[2024-11-04 12:45:18,900 ] root - INFO - Evaluating model: XGBRegressor
[2024-11-04 12:45:18,900 ] root - WARNING - No parameters provided for XGBRegressor. Using default model.
[2024-11-04 12:45:20,363 ] root - INFO - XGBRegressor - Train R2: 0.9911045555459447, Test R2: 0.9035128470058661
[2024-11-04 12:45:20,363 ] root - INFO - Evaluating model: CatBoosting Regressor
[2024-11-04 12:45:20,364 ] root - WARNING - No parameters provided for CatBoosting Regressor. Using default model.
[2024-11-04 12:45:30,829 ] root - INFO - CatBoosting Regressor - Train R2: 0.969502911864186, Test R2: 0.898329268549225
[2024-11-04 12:45:30,829 ] root - INFO - Evaluating model: AdaBoost Regressor
[2024-11-04 12:45:30,829 ] root - WARNING - No parameters provided for AdaBoost Regressor. Using default model.
[2024-11-04 12:45:31,245 ] root - INFO - AdaBoost Regressor - Train R2: 0.5400549684104181, Test R2: 0.33970801255535676
[2024-11-04 12:45:31,246 ] root - INFO - Best found model using top features: XGBRegressor
[2024-11-04 12:45:31,246 ] root - INFO - Entered the save_object method of utils
[2024-11-04 12:45:31,253 ] root - INFO - Exited the save_object method of utils
[2024-11-04 12:45:31,267 ] root - INFO - Pipeline execution completed successfully
