[2024-11-04 11:33:49,603 ] root - INFO - Entered the data ingestion method or component
[2024-11-04 11:33:49,698 ] google.auth._default - DEBUG - Checking geocode-345718-d1551db2f8c6.json for explicit credentials as part of auth process...
[2024-11-04 11:33:49,698 ] pydata_google_auth.auth - DEBUG - Error getting default credentials: File geocode-345718-d1551db2f8c6.json was not found.
[2024-11-04 11:33:49,699 ] google.auth.transport.requests - DEBUG - Making request: POST https://oauth2.googleapis.com/token
[2024-11-04 11:33:49,701 ] urllib3.connectionpool - DEBUG - Starting new HTTPS connection (1): oauth2.googleapis.com:443
[2024-11-04 11:33:50,196 ] urllib3.connectionpool - DEBUG - https://oauth2.googleapis.com:443 "POST /token HTTP/11" 200 None
[2024-11-04 11:33:50,200 ] pandas_gbq.query - DEBUG - Requesting query... 
[2024-11-04 11:33:50,201 ] google.cloud.bigquery.opentelemetry_tracing - DEBUG - This service is instrumented using OpenTelemetry. OpenTelemetry or one of its components could not be imported; please add compatible versions of opentelemetry-api and opentelemetry-instrumentation packages in order to get BigQuery Tracing data.
[2024-11-04 11:33:50,202 ] urllib3.util.retry - DEBUG - Converted retries value: 3 -> Retry(total=3, connect=None, read=None, redirect=None, status=None)
[2024-11-04 11:33:50,208 ] urllib3.connectionpool - DEBUG - Starting new HTTPS connection (1): bigquery.googleapis.com:443
[2024-11-04 11:33:54,200 ] urllib3.connectionpool - DEBUG - https://bigquery.googleapis.com:443 "POST /bigquery/v2/projects/geocode-345718/queries?prettyPrint=false HTTP/11" 200 None
[2024-11-04 11:33:59,256 ] urllib3.connectionpool - DEBUG - https://bigquery.googleapis.com:443 "GET /bigquery/v2/projects/geocode-345718/jobs/job_Q8N7CnWfsxZYCnA6gfQt3gdukokc?projection=full&location=US&prettyPrint=false HTTP/11" 200 None
[2024-11-04 11:33:59,319 ] pandas_gbq.query - DEBUG - Query done.

[2024-11-04 11:33:59,690 ] urllib3.connectionpool - DEBUG - https://bigquery.googleapis.com:443 "GET /bigquery/v2/projects/geocode-345718/datasets/_c16a6afdb9763f79a2aaa849fb4a8d49b9adfe63/tables/anonacfeb8f5aaaa8cd2f4b045f5781e4f9301d1b71899d896cf5006c50ae00b6e45?prettyPrint=false HTTP/11" 200 None
[2024-11-04 11:34:01,458 ] urllib3.connectionpool - DEBUG - https://bigquery.googleapis.com:443 "GET /bigquery/v2/projects/geocode-345718/queries/job_Q8N7CnWfsxZYCnA6gfQt3gdukokc?pageToken=BFADLPHWSIAQAAASA4EAAEEAQCAAKGQKBD2Y6AIQ737777YHECYK4FKKTMBAU3AKDEFA4Z3FN5RW6ZDFFUZTINJXGE4BC3DBO2U7KAAAAAJCSX3DGE3GCNTBMZSGEOJXGYZWMNZZMEZGCYLBHA2DSZTCGRQTQZBUHFRDSYLEMZSTMMY2EQYGCNTCG4YTIMJNMY3TENBNGQ2WCYRNHA2WIMBNGQ2GGNBRGEZDSYRVGU4RERDBNZXW4YLDMZSWEODGGVQWCYLBHBRWIMTGGRRDANBVMY2TOOBRMU2GMOJTGAYWIMLCG4YTQOJZMQ4DSNTDMY2TAMBWMM2TAYLFGAYGENTFGQ2RUZLBMNTGKYRYMY2WCYLBME4GGZBSMY2GEMBUGVTDKNZYGFSTIZRZGMYDCZBRMI3TCOBZHFSDQOJWMNTDKMBQGZRTKMDBMUYDAYRWMU2DKIZSHA4DAZBYGVRS2NTBGM2S2NBWGJSC2YRTMJSC2ZTCME3DQYRXG5RGENBQ&fields=jobReference%2CtotalRows%2CpageToken%2Crows&location=US&formatOptions.useInt64Timestamp=True&prettyPrint=false HTTP/11" 200 None
[2024-11-04 11:34:02,875 ] pandas_gbq.gbq - DEBUG - Got 25461 rows.

[2024-11-04 11:34:02,875 ] pandas_gbq.gbq - INFO - Total time taken 12.67 s.
Finished at 2024-11-04 11:34:02.
[2024-11-04 11:34:02,875 ] root - INFO - Fetched the dataset from BigQuery as dataframe
[2024-11-04 11:34:03,405 ] root - INFO - Saved the full dataset to feature_store/real_estate.csv
[2024-11-04 11:34:03,555 ] root - INFO - Train test split initiated
[2024-11-04 11:34:04,464 ] root - INFO - Ingestion of the data is completed
[2024-11-04 11:34:05,293 ] root - INFO - Columns after filtering and cleaning: ['days_on_zillow', 'zestimate', 'rent_zestimate', 'area', 'beds', 'baths', 'price_change', 'tax_assessed_value', 'lot_area_value', 'home_type', 'price']
[2024-11-04 11:34:05,312 ] root - INFO - Final input features: ['days_on_zillow', 'zestimate', 'rent_zestimate', 'area', 'beds', 'baths', 'price_change', 'tax_assessed_value', 'lot_area_value', 'home_type']
[2024-11-04 11:34:05,630 ] root - INFO - Split training and test input data
[2024-11-04 11:34:05,631 ] root - INFO - Training Random Forest
[2024-11-04 11:34:08,261 ] root - INFO - Evaluating model: Random Forest
[2024-11-04 11:34:08,261 ] root - WARNING - No parameters provided for Random Forest. Using default model.
[2024-11-04 11:34:10,918 ] root - INFO - Random Forest - Train R2: 0.9876778335049281, Test R2: 0.902550889297442
[2024-11-04 11:34:10,918 ] root - INFO - Training Decision Tree
[2024-11-04 11:34:10,954 ] root - INFO - Evaluating model: Decision Tree
[2024-11-04 11:34:10,954 ] root - WARNING - No parameters provided for Decision Tree. Using default model.
[2024-11-04 11:34:10,994 ] root - INFO - Decision Tree - Train R2: 1.0, Test R2: 0.874642807275106
[2024-11-04 11:34:10,994 ] root - INFO - Training Gradient Boosting
[2024-11-04 11:34:11,760 ] root - INFO - Evaluating model: Gradient Boosting
[2024-11-04 11:34:11,760 ] root - WARNING - No parameters provided for Gradient Boosting. Using default model.
[2024-11-04 11:34:12,545 ] root - INFO - Gradient Boosting - Train R2: 0.825579960554507, Test R2: 0.7649553299216117
[2024-11-04 11:34:12,545 ] root - INFO - Training Linear Regression
[2024-11-04 11:34:12,548 ] root - INFO - Evaluating model: Linear Regression
[2024-11-04 11:34:12,548 ] root - WARNING - No parameters provided for Linear Regression. Using default model.
[2024-11-04 11:34:12,551 ] root - INFO - Linear Regression - Train R2: 0.3383696745536797, Test R2: 0.4436898365506995
[2024-11-04 11:34:12,551 ] root - INFO - Training XGBRegressor
[2024-11-04 11:34:12,706 ] root - INFO - Evaluating model: XGBRegressor
[2024-11-04 11:34:12,706 ] root - WARNING - No parameters provided for XGBRegressor. Using default model.
[2024-11-04 11:34:12,874 ] root - INFO - XGBRegressor - Train R2: 0.9931463024485614, Test R2: 0.8929783884917781
[2024-11-04 11:34:12,874 ] root - INFO - Training CatBoosting Regressor
[2024-11-04 11:34:16,109 ] root - INFO - Evaluating model: CatBoosting Regressor
[2024-11-04 11:34:16,110 ] root - WARNING - No parameters provided for CatBoosting Regressor. Using default model.
[2024-11-04 11:34:19,331 ] root - INFO - CatBoosting Regressor - Train R2: 0.9679650750018768, Test R2: 0.8953169620334593
[2024-11-04 11:34:19,331 ] root - INFO - Training AdaBoost Regressor
[2024-11-04 11:34:19,545 ] root - INFO - Evaluating model: AdaBoost Regressor
[2024-11-04 11:34:19,545 ] root - WARNING - No parameters provided for AdaBoost Regressor. Using default model.
[2024-11-04 11:34:19,784 ] root - INFO - AdaBoost Regressor - Train R2: 0.4987526192017496, Test R2: 0.27443021087021824
[2024-11-04 11:34:19,785 ] root - INFO - Best found model: Random Forest
[2024-11-04 11:34:19,785 ] root - INFO - Entered the save_object method of utils
[2024-11-04 11:34:19,886 ] root - INFO - Exited the save_object method of utils
[2024-11-04 11:34:19,932 ] root - INFO - Pipeline execution completed successfully
